<?xml version="1.0" encoding="UTF-8"?>
<!-- Generated by org.testng.reporters.JUnitXMLReporter -->
<testsuite hostname="Home" name="Default test" tests="3" failures="0" timestamp="10 Oct 2019 09:12:06 GMT" time="17.546" errors="0">
  <testcase name="scrolldown" time="4.08" classname="Testingpack1.solotest2"/>
  <testcase name="scrollup" time="4.027" classname="Testingpack1.solotest2"/>
  <testcase name="check" time="0.05" classname="Testingpack1.solotest2"/>
</testsuite> <!-- Default test -->
