<?xml version="1.0" encoding="UTF-8"?>
<testng-results skipped="0" failed="0" total="3" passed="3">
  <reporter-output>
  </reporter-output>
  <suite name="Default suite" duration-ms="17546" started-at="2019-10-10T09:11:49Z" finished-at="2019-10-10T09:12:06Z">
    <groups>
    </groups>
    <test name="Default test" duration-ms="17546" started-at="2019-10-10T09:11:49Z" finished-at="2019-10-10T09:12:06Z">
      <class name="Testingpack1.solotest2">
        <test-method status="PASS" signature="open()[pri:0, instance:Testingpack1.solotest2@dc01b168]" name="open" is-config="true" duration-ms="7084" started-at="2019-10-10T10:11:49Z" finished-at="2019-10-10T10:11:56Z">
          <reporter-output>
          </reporter-output>
        </test-method> <!-- open -->
        <test-method status="PASS" signature="scrolldown()[pri:0, instance:Testingpack1.solotest2@dc01b168]" name="scrolldown" duration-ms="4080" started-at="2019-10-10T10:11:56Z" finished-at="2019-10-10T10:12:00Z">
          <reporter-output>
          </reporter-output>
        </test-method> <!-- scrolldown -->
        <test-method status="PASS" signature="scrollup()[pri:1, instance:Testingpack1.solotest2@dc01b168]" name="scrollup" duration-ms="4027" started-at="2019-10-10T10:12:00Z" finished-at="2019-10-10T10:12:04Z">
          <reporter-output>
          </reporter-output>
        </test-method> <!-- scrollup -->
        <test-method status="PASS" signature="check()[pri:2, instance:Testingpack1.solotest2@dc01b168]" name="check" duration-ms="50" started-at="2019-10-10T10:12:04Z" finished-at="2019-10-10T10:12:04Z">
          <reporter-output>
          </reporter-output>
        </test-method> <!-- check -->
        <test-method status="PASS" signature="close()[pri:0, instance:Testingpack1.solotest2@dc01b168]" name="close" is-config="true" duration-ms="2274" started-at="2019-10-10T10:12:04Z" finished-at="2019-10-10T10:12:06Z">
          <reporter-output>
          </reporter-output>
        </test-method> <!-- close -->
      </class> <!-- Testingpack1.solotest2 -->
    </test> <!-- Default test -->
  </suite> <!-- Default suite -->
</testng-results>
